[2020-12-06 17:43:45] New deadchest for [muzzyandmonkey1] in Freddo Factory at X:-366 Y:77 Z:450
[2020-12-06 17:44:02] Deadchest of [muzzyandmonkey1] was taken by [muzzyandmonkey1] in Freddo Factory
[2020-12-06 17:53:22] New deadchest for [muzzyandmonkey1] in Freddo Factory at X:-366 Y:78 Z:451
[2020-12-06 17:53:38] Deadchest of [muzzyandmonkey1] was taken by [muzzyandmonkey1] in Freddo Factory
[2020-12-06 18:09:37] New deadchest for [muzzyandmonkey1] in Freddo Factory at X:-366 Y:77 Z:438
[2020-12-06 18:09:52] Deadchest of [muzzyandmonkey1] was taken by [muzzyandmonkey1] in Freddo Factory
[2020-12-07 16:51:51] New deadchest for [muzzyandmonkey1] in Freddo Factory at X:-406 Y:80 Z:488
[2020-12-07 16:52:13] Deadchest of [muzzyandmonkey1] was taken by [muzzyandmonkey1] in Freddo Factory
[2020-12-08 11:40:51] New deadchest for [Wackysmoot] in Freddo Factory at X:-1491 Y:34 Z:823
[2020-12-08 11:41:43] Deadchest of [Wackysmoot] was taken by [Wackysmoot] in Freddo Factory
[2020-12-08 11:54:19] New deadchest for [Wackysmoot] in Freddo Factory at X:-1474 Y:34 Z:853
[2020-12-08 11:56:40] Deadchest of [Wackysmoot] was taken by [Wackysmoot] in Freddo Factory
[2020-12-08 11:56:46] New deadchest for [Wackysmoot] in Freddo Factory at X:-1472 Y:35 Z:855
[2020-12-08 11:58:14] Deadchest of [Wackysmoot] was taken by [Wackysmoot] in Freddo Factory
[2020-12-08 12:40:44] New deadchest for [PokiQueen] in Freddo Factory_nether at X:-126 Y:48 Z:6
[2020-12-08 12:43:21] Deadchest of [PokiQueen] was taken by [PokiQueen] in Freddo Factory_nether
[2020-12-08 12:45:28] New deadchest for [Wackysmoot] in Freddo Factory at X:-1486 Y:9 Z:844
[2020-12-08 12:50:19] Player [Wackysmoot] died without inventory : No Deadchest generated
[2020-12-08 20:55:40] New deadchest for [Wackysmoot] in Freddo Factory at X:-1487 Y:8 Z:844
[2020-12-08 21:08:07] New deadchest for [Wackysmoot] in Freddo Factory at X:-1486 Y:16 Z:844
[2020-12-08 21:08:43] Deadchest of [Wackysmoot] was taken by [Wackysmoot] in Freddo Factory
[2020-12-08 21:11:18] New deadchest for [Wackysmoot] in Freddo Factory at X:-1466 Y:64 Z:794
[2020-12-08 21:11:40] New deadchest for [Wackysmoot] in Freddo Factory at X:-1462 Y:65 Z:788
[2020-12-08 21:11:52] Deadchest of [Wackysmoot] was taken by [Wackysmoot] in Freddo Factory
[2020-12-08 21:11:55] Deadchest of [Wackysmoot] was taken by [Wackysmoot] in Freddo Factory
[2020-12-08 21:15:42] New deadchest for [Wackysmoot] in Freddo Factory at X:-1486 Y:16 Z:844
[2020-12-08 21:15:59] New deadchest for [Wackysmoot] in Freddo Factory at X:-1487 Y:33 Z:844
[2020-12-08 21:16:22] Player [Wackysmoot] died without inventory : No Deadchest generated
[2020-12-08 21:16:46] Deadchest of [Wackysmoot] was taken by [Wackysmoot] in Freddo Factory
[2020-12-08 21:17:16] Deadchest of [Wackysmoot] was taken by [Wackysmoot] in Freddo Factory
[2020-12-08 21:18:50] New deadchest for [Wackysmoot] in Freddo Factory at X:-1486 Y:16 Z:844
[2020-12-09 12:06:17] Deadchest of [Wackysmoot] was taken by [Wackysmoot] in Freddo Factory
[2020-12-09 12:07:11] New deadchest for [Wackysmoot] in Freddo Factory at X:-1488 Y:10 Z:842
[2020-12-09 12:07:41] Player [Wackysmoot] died without inventory : No Deadchest generated
[2020-12-09 12:08:29] Player [Wackysmoot] died without inventory : No Deadchest generated
[2020-12-09 12:13:56] Deadchest of [Wackysmoot] was taken by [Wackysmoot] in Freddo Factory
[2020-12-09 12:20:58] Deadchest of [Wackysmoot] was taken by [Wackysmoot] in Freddo Factory
[2020-12-09 12:21:05] Deadchest of [Wackysmoot] was taken by [Wackysmoot] in Freddo Factory
[2020-12-09 12:21:15] New deadchest for [Wackysmoot] in Freddo Factory at X:-1485 Y:13 Z:838
[2020-12-09 12:22:56] Deadchest of [Wackysmoot] was taken by [Wackysmoot] in Freddo Factory
[2020-12-09 13:55:50] New deadchest for [Wackysmoot] in Freddo Factory at X:-1416 Y:35 Z:854
[2020-12-09 13:56:31] Deadchest of [Wackysmoot] was taken by [Wackysmoot] in Freddo Factory
[2020-12-09 20:10:11] New deadchest for [Wackysmoot] in Freddo Factory at X:-576 Y:18 Z:226
[2020-12-09 20:13:18] Deadchest of [Wackysmoot] was taken by [Wackysmoot] in Freddo Factory
[2020-12-10 15:15:38] New deadchest for [Wackysmoot] in Freddo Factory at X:-638 Y:38 Z:229
[2020-12-10 15:16:27] Player [Wackysmoot] died without inventory : No Deadchest generated
[2020-12-10 15:19:52] Deadchest of [Wackysmoot] was taken by [Wackysmoot] in Freddo Factory
[2020-12-10 15:20:13] New deadchest for [Wackysmoot] in Freddo Factory at X:-638 Y:38 Z:230
[2020-12-10 15:21:51] Deadchest of [Wackysmoot] was taken by [Wackysmoot] in Freddo Factory
[2020-12-12 18:27:39] New deadchest for [Wackysmoot] in Freddo Factory at X:-340 Y:83 Z:394
[2020-12-12 18:27:47] Deadchest of [Wackysmoot] was taken by [Wackysmoot] in Freddo Factory
[2020-12-13 15:14:05] New deadchest for [Wackysmoot] in Freddo Factory at X:-255 Y:90 Z:360
[2020-12-13 15:14:05] Deadchest of [Wackysmoot] was protected from explosion in Freddo Factory
[2020-12-13 15:14:35] Deadchest of [Wackysmoot] was taken by [Wackysmoot] in Freddo Factory
[2020-12-15 17:56:54] New deadchest for [Wackysmoot] in Freddo Factory at X:-32 Y:77 Z:521
[2020-12-15 17:58:23] Deadchest of [Wackysmoot] was taken by [Wackysmoot] in Freddo Factory
[2020-12-16 17:29:17] New deadchest for [muzzyandmonkey1] in Freddo Factory at X:-195 Y:97 Z:488
[2020-12-16 17:29:49] New deadchest for [Wackysmoot] in Freddo Factory at X:-163 Y:96 Z:502
[2020-12-16 17:30:03] Deadchest of [Wackysmoot] was taken by [Wackysmoot] in Freddo Factory
[2020-12-16 17:30:31] Deadchest of [muzzyandmonkey1] was taken by [muzzyandmonkey1] in Freddo Factory
[2020-12-16 17:33:47] New deadchest for [Wackysmoot] in Freddo Factory at X:-280 Y:90 Z:428
[2020-12-16 17:34:48] Deadchest of [Wackysmoot] was taken by [Wackysmoot] in Freddo Factory
[2020-12-16 17:35:39] New deadchest for [muzzyandmonkey1] in Freddo Factory at X:-378 Y:77 Z:443
[2020-12-16 17:35:58] Deadchest of [muzzyandmonkey1] was taken by [muzzyandmonkey1] in Freddo Factory
[2020-12-16 17:36:25] New deadchest for [Wackysmoot] in Freddo Factory at X:-352 Y:79 Z:423
[2020-12-16 17:37:19] Deadchest of [Wackysmoot] was taken by [Wackysmoot] in Freddo Factory
[2020-12-17 16:35:47] New deadchest for [Wackysmoot] in Freddo Factory at X:-289 Y:78 Z:572
[2020-12-17 16:35:47] Deadchest of [Wackysmoot] was protected from explosion in Freddo Factory
[2020-12-17 16:36:25] Deadchest of [Wackysmoot] was taken by [Wackysmoot] in Freddo Factory
[2020-12-17 21:51:52] New deadchest for [Wackysmoot] in Freddo Factory at X:33 Y:71 Z:505
[2020-12-17 21:53:21] Deadchest of [Wackysmoot] was taken by [Wackysmoot] in Freddo Factory
[2020-12-19 18:06:06] New deadchest for [Wackysmoot] in Freddo Factory at X:-163 Y:78 Z:532
[2020-12-19 18:06:06] Deadchest of [Wackysmoot] was protected from explosion in Freddo Factory
[2020-12-19 18:06:24] Deadchest of [Wackysmoot] was taken by [Wackysmoot] in Freddo Factory
[2020-12-19 18:06:43] New deadchest for [Wackysmoot] in Freddo Factory at X:-157 Y:73 Z:530
[2020-12-19 18:06:58] Deadchest of [Wackysmoot] was taken by [Wackysmoot] in Freddo Factory
[2021-01-03 17:52:26] New deadchest for [Wackysmoot] in Freddo Factory at X:735 Y:62 Z:718
[2021-01-03 17:56:45] Deadchest of [Wackysmoot] was taken by [Wackysmoot] in Freddo Factory
[2021-01-15 00:50:43] New deadchest for [muzzyandmonkey1] in Freddo Factory at X:-379 Y:77 Z:447
[2021-01-15 00:50:43] Deadchest of [muzzyandmonkey1] was protected from explosion in Freddo Factory
[2021-01-15 00:51:05] Deadchest of [muzzyandmonkey1] was taken by [muzzyandmonkey1] in Freddo Factory
