#
# There is insufficient memory for the Java Runtime Environment to continue.
# Native memory allocation (mmap) failed to map 715849728 bytes for committing reserved memory.
# Possible reasons:
#   The system is out of physical RAM or swap space
#   The process is running with CompressedOops enabled, and the Java Heap may be blocking the growth of the native heap
# Possible solutions:
#   Reduce memory load on the system
#   Increase physical memory or swap space
#   Check if swap backing store is full
#   Decrease Java heap size (-Xmx/-Xms)
#   Decrease number of Java threads
#   Decrease Java thread stack sizes (-Xss)
#   Set larger code cache with -XX:ReservedCodeCacheSize=
# This output file may be truncated or incomplete.
#
#  Out of Memory Error (os_linux.cpp:2792), pid=21027, tid=0x00007f1ddd325700
#
# JRE version:  (8.0_275-b01) (build )
# Java VM: OpenJDK 64-Bit Server VM (25.275-b01 mixed mode linux-amd64 compressed oops)
# Failed to write core dump. Core dumps have been disabled. To enable core dumping, try "ulimit -c unlimited" before starting Java again
#

---------------  T H R E A D  ---------------

Current thread (0x00007f1dd400b000):  JavaThread "Unknown thread" [_thread_in_vm, id=21028, stack(0x00007f1ddd226000,0x00007f1ddd326000)]

Stack: [0x00007f1ddd226000,0x00007f1ddd326000],  sp=0x00007f1ddd3244f0,  free space=1017k
Native frames: (J=compiled Java code, j=interpreted, Vv=VM code, C=native code)
V  [libjvm.so+0xb6b032]
V  [libjvm.so+0x4f1627]
V  [libjvm.so+0x991940]
V  [libjvm.so+0x98889e]
V  [libjvm.so+0xb6721c]
V  [libjvm.so+0x6090c6]
V  [libjvm.so+0xb023ba]
V  [libjvm.so+0x60a4cd]
V  [libjvm.so+0x5f48bf]
V  [libjvm.so+0xb2d1ba]
V  [libjvm.so+0xb2d4b5]
V  [libjvm.so+0x6556df]
V  [libjvm.so+0xb0f759]
V  [libjvm.so+0x73a3ff]  JNI_CreateJavaVM+0x5f
C  [libjli.so+0x2d3f]
C  [libjli.so+0x79bd]
C  [libpthread.so.0+0x76db]  start_thread+0xdb


---------------  P R O C E S S  ---------------

Java Threads: ( => current thread )

Other Threads:

=>0x00007f1dd400b000 (exited) JavaThread "Unknown thread" [_thread_in_vm, id=21028, stack(0x00007f1ddd226000,0x00007f1ddd326000)]

VM state:not at safepoint (not fully initialized)

VM Mutex/Monitor currently owned by a thread: None

heap address: 0x00000000c0000000, size: 1024 MB, Compressed Oops mode: Non-zero based:0x00000000bffff000
Narrow klass base: 0x0000000000000000, Narrow klass shift: 0

GC Heap History (0 events):
No events

Deoptimization events (0 events):
No events

Classes redefined (0 events):
No events

Internal exceptions (0 events):
No events

Events (0 events):
No events


Dynamic libraries:
c0000000-d5550000 rw-p 00000000 00:00 0 
55b587557000-55b587558000 r-xp 00000000 fc:01 788440                     /usr/lib/jvm/java-8-openjdk-amd64/jre/bin/java
55b587757000-55b587758000 r--p 00000000 fc:01 788440                     /usr/lib/jvm/java-8-openjdk-amd64/jre/bin/java
55b587758000-55b587759000 rw-p 00001000 fc:01 788440                     /usr/lib/jvm/java-8-openjdk-amd64/jre/bin/java
55b589551000-55b589572000 rw-p 00000000 00:00 0                          [heap]
7f1dc5000000-7f1dc5270000 rwxp 00000000 00:00 0 
7f1dc5270000-7f1dd4000000 ---p 00000000 00:00 0 
7f1dd4000000-7f1dd4034000 rw-p 00000000 00:00 0 
7f1dd4034000-7f1dd8000000 ---p 00000000 00:00 0 
7f1dd94d9000-7f1dd9584000 rw-p 00000000 00:00 0 
7f1dd9584000-7f1dd96d9000 ---p 00000000 00:00 0 
7f1dd96d9000-7f1dd96e4000 rw-p 00000000 00:00 0 
7f1dd96e4000-7f1dd9a9a000 ---p 00000000 00:00 0 
7f1dd9a9a000-7f1dd9aa2000 r-xp 00000000 fc:01 788483                     /usr/lib/jvm/java-8-openjdk-amd64/jre/lib/amd64/libzip.so
7f1dd9aa2000-7f1dd9ca1000 ---p 00008000 fc:01 788483                     /usr/lib/jvm/java-8-openjdk-amd64/jre/lib/amd64/libzip.so
7f1dd9ca1000-7f1dd9ca2000 r--p 00007000 fc:01 788483                     /usr/lib/jvm/java-8-openjdk-amd64/jre/lib/amd64/libzip.so
7f1dd9ca2000-7f1dd9ca3000 rw-p 00008000 fc:01 788483                     /usr/lib/jvm/java-8-openjdk-amd64/jre/lib/amd64/libzip.so
7f1dd9ca3000-7f1dd9cae000 r-xp 00000000 fc:01 2199                       /lib/x86_64-linux-gnu/libnss_files-2.27.so
7f1dd9cae000-7f1dd9ead000 ---p 0000b000 fc:01 2199                       /lib/x86_64-linux-gnu/libnss_files-2.27.so
7f1dd9ead000-7f1dd9eae000 r--p 0000a000 fc:01 2199                       /lib/x86_64-linux-gnu/libnss_files-2.27.so
7f1dd9eae000-7f1dd9eaf000 rw-p 0000b000 fc:01 2199                       /lib/x86_64-linux-gnu/libnss_files-2.27.so
7f1dd9eaf000-7f1dd9eb5000 rw-p 00000000 00:00 0 
7f1dd9eb5000-7f1dd9ecc000 r-xp 00000000 fc:01 2166                       /lib/x86_64-linux-gnu/libnsl-2.27.so
7f1dd9ecc000-7f1dda0cb000 ---p 00017000 fc:01 2166                       /lib/x86_64-linux-gnu/libnsl-2.27.so
7f1dda0cb000-7f1dda0cc000 r--p 00016000 fc:01 2166                       /lib/x86_64-linux-gnu/libnsl-2.27.so
7f1dda0cc000-7f1dda0cd000 rw-p 00017000 fc:01 2166                       /lib/x86_64-linux-gnu/libnsl-2.27.so
7f1dda0cd000-7f1dda0cf000 rw-p 00000000 00:00 0 
7f1dda0cf000-7f1dda0da000 r-xp 00000000 fc:01 2213                       /lib/x86_64-linux-gnu/libnss_nis-2.27.so
7f1dda0da000-7f1dda2d9000 ---p 0000b000 fc:01 2213                       /lib/x86_64-linux-gnu/libnss_nis-2.27.so
7f1dda2d9000-7f1dda2da000 r--p 0000a000 fc:01 2213                       /lib/x86_64-linux-gnu/libnss_nis-2.27.so
7f1dda2da000-7f1dda2db000 rw-p 0000b000 fc:01 2213                       /lib/x86_64-linux-gnu/libnss_nis-2.27.so
7f1dda2db000-7f1dda2e3000 r-xp 00000000 fc:01 2177                       /lib/x86_64-linux-gnu/libnss_compat-2.27.so
7f1dda2e3000-7f1dda4e3000 ---p 00008000 fc:01 2177                       /lib/x86_64-linux-gnu/libnss_compat-2.27.so
7f1dda4e3000-7f1dda4e4000 r--p 00008000 fc:01 2177                       /lib/x86_64-linux-gnu/libnss_compat-2.27.so
7f1dda4e4000-7f1dda4e5000 rw-p 00009000 fc:01 2177                       /lib/x86_64-linux-gnu/libnss_compat-2.27.so
7f1dda4e5000-7f1dda50f000 r-xp 00000000 fc:01 788464                     /usr/lib/jvm/java-8-openjdk-amd64/jre/lib/amd64/libjava.so
7f1dda50f000-7f1dda70f000 ---p 0002a000 fc:01 788464                     /usr/lib/jvm/java-8-openjdk-amd64/jre/lib/amd64/libjava.so
7f1dda70f000-7f1dda710000 r--p 0002a000 fc:01 788464                     /usr/lib/jvm/java-8-openjdk-amd64/jre/lib/amd64/libjava.so
7f1dda710000-7f1dda712000 rw-p 0002b000 fc:01 788464                     /usr/lib/jvm/java-8-openjdk-amd64/jre/lib/amd64/libjava.so
7f1dda712000-7f1dda722000 r-xp 00000000 fc:01 788482                     /usr/lib/jvm/java-8-openjdk-amd64/jre/lib/amd64/libverify.so
7f1dda722000-7f1dda921000 ---p 00010000 fc:01 788482                     /usr/lib/jvm/java-8-openjdk-amd64/jre/lib/amd64/libverify.so
7f1dda921000-7f1dda923000 r--p 0000f000 fc:01 788482                     /usr/lib/jvm/java-8-openjdk-amd64/jre/lib/amd64/libverify.so
7f1dda923000-7f1dda924000 rw-p 00011000 fc:01 788482                     /usr/lib/jvm/java-8-openjdk-amd64/jre/lib/amd64/libverify.so
7f1dda924000-7f1dda92b000 r-xp 00000000 fc:01 2218                       /lib/x86_64-linux-gnu/librt-2.27.so
7f1dda92b000-7f1ddab2a000 ---p 00007000 fc:01 2218                       /lib/x86_64-linux-gnu/librt-2.27.so
7f1ddab2a000-7f1ddab2b000 r--p 00006000 fc:01 2218                       /lib/x86_64-linux-gnu/librt-2.27.so
7f1ddab2b000-7f1ddab2c000 rw-p 00007000 fc:01 2218                       /lib/x86_64-linux-gnu/librt-2.27.so
7f1ddab2c000-7f1ddab43000 r-xp 00000000 fc:01 2052                       /lib/x86_64-linux-gnu/libgcc_s.so.1
7f1ddab43000-7f1ddad42000 ---p 00017000 fc:01 2052                       /lib/x86_64-linux-gnu/libgcc_s.so.1
7f1ddad42000-7f1ddad43000 r--p 00016000 fc:01 2052                       /lib/x86_64-linux-gnu/libgcc_s.so.1
7f1ddad43000-7f1ddad44000 rw-p 00017000 fc:01 2052                       /lib/x86_64-linux-gnu/libgcc_s.so.1
7f1ddad44000-7f1ddaee1000 r-xp 00000000 fc:01 2149                       /lib/x86_64-linux-gnu/libm-2.27.so
7f1ddaee1000-7f1ddb0e0000 ---p 0019d000 fc:01 2149                       /lib/x86_64-linux-gnu/libm-2.27.so
7f1ddb0e0000-7f1ddb0e1000 r--p 0019c000 fc:01 2149                       /lib/x86_64-linux-gnu/libm-2.27.so
7f1ddb0e1000-7f1ddb0e2000 rw-p 0019d000 fc:01 2149                       /lib/x86_64-linux-gnu/libm-2.27.so
7f1ddb0e2000-7f1ddb25b000 r-xp 00000000 fc:01 4752                       /usr/lib/x86_64-linux-gnu/libstdc++.so.6.0.25
7f1ddb25b000-7f1ddb45b000 ---p 00179000 fc:01 4752                       /usr/lib/x86_64-linux-gnu/libstdc++.so.6.0.25
7f1ddb45b000-7f1ddb465000 r--p 00179000 fc:01 4752                       /usr/lib/x86_64-linux-gnu/libstdc++.so.6.0.25
7f1ddb465000-7f1ddb467000 rw-p 00183000 fc:01 4752                       /usr/lib/x86_64-linux-gnu/libstdc++.so.6.0.25
7f1ddb467000-7f1ddb46b000 rw-p 00000000 00:00 0 
7f1ddb46b000-7f1ddc1d9000 r-xp 00000000 fc:01 788485                     /usr/lib/jvm/java-8-openjdk-amd64/jre/lib/amd64/server/libjvm.so
7f1ddc1d9000-7f1ddc3d8000 ---p 00d6e000 fc:01 788485                     /usr/lib/jvm/java-8-openjdk-amd64/jre/lib/amd64/server/libjvm.so
7f1ddc3d8000-7f1ddc46e000 r--p 00d6d000 fc:01 788485                     /usr/lib/jvm/java-8-openjdk-amd64/jre/lib/amd64/server/libjvm.so
7f1ddc46e000-7f1ddc497000 rw-p 00e03000 fc:01 788485                     /usr/lib/jvm/java-8-openjdk-amd64/jre/lib/amd64/server/libjvm.so
7f1ddc497000-7f1ddc4ca000 rw-p 00000000 00:00 0 
7f1ddc4ca000-7f1ddc4e4000 r-xp 00000000 fc:01 2216                       /lib/x86_64-linux-gnu/libpthread-2.27.so
7f1ddc4e4000-7f1ddc6e3000 ---p 0001a000 fc:01 2216                       /lib/x86_64-linux-gnu/libpthread-2.27.so
7f1ddc6e3000-7f1ddc6e4000 r--p 00019000 fc:01 2216                       /lib/x86_64-linux-gnu/libpthread-2.27.so
7f1ddc6e4000-7f1ddc6e5000 rw-p 0001a000 fc:01 2216                       /lib/x86_64-linux-gnu/libpthread-2.27.so
7f1ddc6e5000-7f1ddc6e9000 rw-p 00000000 00:00 0 
7f1ddc6e9000-7f1ddc6ec000 r-xp 00000000 fc:01 2148                       /lib/x86_64-linux-gnu/libdl-2.27.so
7f1ddc6ec000-7f1ddc8eb000 ---p 00003000 fc:01 2148                       /lib/x86_64-linux-gnu/libdl-2.27.so
7f1ddc8eb000-7f1ddc8ec000 r--p 00002000 fc:01 2148                       /lib/x86_64-linux-gnu/libdl-2.27.so
7f1ddc8ec000-7f1ddc8ed000 rw-p 00003000 fc:01 2148                       /lib/x86_64-linux-gnu/libdl-2.27.so
7f1ddc8ed000-7f1ddc909000 r-xp 00000000 fc:01 2162                       /lib/x86_64-linux-gnu/libz.so.1.2.11
7f1ddc909000-7f1ddcb08000 ---p 0001c000 fc:01 2162                       /lib/x86_64-linux-gnu/libz.so.1.2.11
7f1ddcb08000-7f1ddcb09000 r--p 0001b000 fc:01 2162                       /lib/x86_64-linux-gnu/libz.so.1.2.11
7f1ddcb09000-7f1ddcb0a000 rw-p 0001c000 fc:01 2162                       /lib/x86_64-linux-gnu/libz.so.1.2.11
7f1ddcb0a000-7f1ddccf1000 r-xp 00000000 fc:01 2070                       /lib/x86_64-linux-gnu/libc-2.27.so
7f1ddccf1000-7f1ddcef1000 ---p 001e7000 fc:01 2070                       /lib/x86_64-linux-gnu/libc-2.27.so
7f1ddcef1000-7f1ddcef5000 r--p 001e7000 fc:01 2070                       /lib/x86_64-linux-gnu/libc-2.27.so
7f1ddcef5000-7f1ddcef7000 rw-p 001eb000 fc:01 2070                       /lib/x86_64-linux-gnu/libc-2.27.so
7f1ddcef7000-7f1ddcefb000 rw-p 00000000 00:00 0 
7f1ddcefb000-7f1ddcf09000 r-xp 00000000 fc:01 788450                     /usr/lib/jvm/java-8-openjdk-amd64/jre/lib/amd64/jli/libjli.so
7f1ddcf09000-7f1ddd108000 ---p 0000e000 fc:01 788450                     /usr/lib/jvm/java-8-openjdk-amd64/jre/lib/amd64/jli/libjli.so
7f1ddd108000-7f1ddd109000 r--p 0000d000 fc:01 788450                     /usr/lib/jvm/java-8-openjdk-amd64/jre/lib/amd64/jli/libjli.so
7f1ddd109000-7f1ddd10a000 rw-p 0000e000 fc:01 788450                     /usr/lib/jvm/java-8-openjdk-amd64/jre/lib/amd64/jli/libjli.so
7f1ddd10a000-7f1ddd131000 r-xp 00000000 fc:01 2066                       /lib/x86_64-linux-gnu/ld-2.27.so
7f1ddd21d000-7f1ddd225000 rw-s 00000000 fc:01 776315                     /tmp/hsperfdata_wimbl/21027
7f1ddd225000-7f1ddd226000 ---p 00000000 00:00 0 
7f1ddd226000-7f1ddd229000 ---p 00000000 00:00 0 
7f1ddd229000-7f1ddd328000 rw-p 00000000 00:00 0 
7f1ddd32d000-7f1ddd32e000 rw-p 00000000 00:00 0 
7f1ddd32e000-7f1ddd32f000 r--p 00000000 00:00 0 
7f1ddd32f000-7f1ddd331000 rw-p 00000000 00:00 0 
7f1ddd331000-7f1ddd332000 r--p 00027000 fc:01 2066                       /lib/x86_64-linux-gnu/ld-2.27.so
7f1ddd332000-7f1ddd333000 rw-p 00028000 fc:01 2066                       /lib/x86_64-linux-gnu/ld-2.27.so
7f1ddd333000-7f1ddd334000 rw-p 00000000 00:00 0 
7ffd12166000-7ffd12187000 rw-p 00000000 00:00 0                          [stack]
7ffd121cb000-7ffd121ce000 r--p 00000000 00:00 0                          [vvar]
7ffd121ce000-7ffd121d0000 r-xp 00000000 00:00 0                          [vdso]
ffffffffff600000-ffffffffff601000 r-xp 00000000 00:00 0                  [vsyscall]

VM Arguments:
jvm_args: -Xmx1024M -Xms1024M 
java_command: minecraft_server.1.16.4.jar nogui
java_class_path (initial): minecraft_server.1.16.4.jar
Launcher Type: SUN_STANDARD

Environment Variables:
PATH=/usr/local/sbin:/usr/local/bin:/usr/sbin:/usr/bin:/sbin:/bin:/usr/games:/usr/local/games:/snap/bin
SHELL=/bin/bash

Signal Handlers:
SIGSEGV: [libjvm.so+0xb6c690], sa_mask[0]=11111111011111111101111111111110, sa_flags=SA_RESTART|SA_SIGINFO
SIGBUS: [libjvm.so+0xb6c690], sa_mask[0]=11111111011111111101111111111110, sa_flags=SA_RESTART|SA_SIGINFO
SIGFPE: [libjvm.so+0x98c990], sa_mask[0]=11111111011111111101111111111110, sa_flags=SA_RESTART|SA_SIGINFO
SIGPIPE: [libjvm.so+0x98c990], sa_mask[0]=11111111011111111101111111111110, sa_flags=SA_RESTART|SA_SIGINFO
SIGXFSZ: [libjvm.so+0x98c990], sa_mask[0]=11111111011111111101111111111110, sa_flags=SA_RESTART|SA_SIGINFO
SIGILL: [libjvm.so+0x98c990], sa_mask[0]=11111111011111111101111111111110, sa_flags=SA_RESTART|SA_SIGINFO
SIGUSR1: SIG_DFL, sa_mask[0]=00000000000000000000000000000000, sa_flags=none
SIGUSR2: [libjvm.so+0x98c840], sa_mask[0]=00000000000000000000000000000000, sa_flags=SA_RESTART|SA_SIGINFO
SIGHUP: SIG_DFL, sa_mask[0]=00000000000000000000000000000000, sa_flags=none
SIGINT: SIG_DFL, sa_mask[0]=00000000000000000000000000000000, sa_flags=none
SIGTERM: SIG_DFL, sa_mask[0]=00000000000000000000000000000000, sa_flags=none
SIGQUIT: SIG_DFL, sa_mask[0]=00000000000000000000000000000000, sa_flags=none


---------------  S Y S T E M  ---------------

OS:DISTRIB_ID=Ubuntu
DISTRIB_RELEASE=18.04
DISTRIB_CODENAME=bionic
DISTRIB_DESCRIPTION="Ubuntu 18.04.5 LTS"

uname:Linux 4.15.0-122-generic #124-Ubuntu SMP Thu Oct 15 13:03:05 UTC 2020 x86_64
libc:glibc 2.27 NPTL 2.27 
rlimit: STACK 8192k, CORE 0k, NPROC 7870, NOFILE 1048576, AS infinity
load average:0.52 0.62 0.38

/proc/meminfo:
MemTotal:        2041020 kB
MemFree:           83720 kB
MemAvailable:     289240 kB
Buffers:           71204 kB
Cached:           262160 kB
SwapCached:            0 kB
Active:          1702704 kB
Inactive:         146252 kB
Active(anon):    1522104 kB
Inactive(anon):     7872 kB
Active(file):     180600 kB
Inactive(file):   138380 kB
Unevictable:           0 kB
Mlocked:               0 kB
SwapTotal:             0 kB
SwapFree:              0 kB
Dirty:               216 kB
Writeback:             0 kB
AnonPages:       1515656 kB
Mapped:           104420 kB
Shmem:             14320 kB
Slab:              69708 kB
SReclaimable:      36376 kB
SUnreclaim:        33332 kB
KernelStack:        2728 kB
PageTables:        11688 kB
NFS_Unstable:          0 kB
Bounce:                0 kB
WritebackTmp:          0 kB
CommitLimit:     1020508 kB
Committed_AS:    2359220 kB
VmallocTotal:   34359738367 kB
VmallocUsed:           0 kB
VmallocChunk:          0 kB
HardwareCorrupted:     0 kB
AnonHugePages:         0 kB
ShmemHugePages:        0 kB
ShmemPmdMapped:        0 kB
CmaTotal:              0 kB
CmaFree:               0 kB
HugePages_Total:       0
HugePages_Free:        0
HugePages_Rsvd:        0
HugePages_Surp:        0
Hugepagesize:       2048 kB
DirectMap4k:      143340 kB
DirectMap2M:     1953792 kB
DirectMap1G:           0 kB

container (cgroup) information:
container_type: cgroupv1
cpu_cpuset_cpus: 0
cpu_memory_nodes: 0
active_processor_count: 1
cpu_quota: -1
cpu_period: 100000
cpu_shares: -1
memory_limit_in_bytes: -1
memory_and_swap_limit_in_bytes: -2
memory_soft_limit_in_bytes: -1
memory_usage_in_bytes: 1503870976
memory_max_usage_in_bytes: 1579180032


CPU:total 1 (initial active 1) (1 cores per cpu, 1 threads per core) family 6 model 85 stepping 4, cmov, cx8, fxsr, mmx, sse, sse2, sse3, ssse3, sse4.1, sse4.2, popcnt, avx, avx2, aes, clmul, erms, 3dnowpref, lzcnt, tsc, bmi1, bmi2, adx

/proc/cpuinfo:
processor	: 0
vendor_id	: GenuineIntel
cpu family	: 6
model		: 85
model name	: Intel(R) Xeon(R) Gold 6140 CPU @ 2.30GHz
stepping	: 4
microcode	: 0x1
cpu MHz		: 2294.608
cache size	: 4096 KB
physical id	: 0
siblings	: 1
core id		: 0
cpu cores	: 1
apicid		: 0
initial apicid	: 0
fpu		: yes
fpu_exception	: yes
cpuid level	: 13
wp		: yes
flags		: fpu vme de pse tsc msr pae mce cx8 apic sep mtrr pge mca cmov pat pse36 clflush mmx fxsr sse sse2 ss syscall nx pdpe1gb rdtscp lm constant_tsc arch_perfmon rep_good nopl cpuid tsc_known_freq pni pclmulqdq vmx ssse3 fma cx16 pcid sse4_1 sse4_2 x2apic movbe popcnt tsc_deadline_timer aes xsave avx f16c rdrand hypervisor lahf_lm abm 3dnowprefetch cpuid_fault invpcid_single pti ssbd ibrs ibpb tpr_shadow vnmi flexpriority ept vpid fsgsbase tsc_adjust bmi1 avx2 smep bmi2 erms invpcid mpx avx512f avx512dq rdseed adx smap clflushopt clwb avx512cd avx512bw avx512vl xsaveopt xsavec xgetbv1 pku ospke md_clear
bugs		: cpu_meltdown spectre_v1 spectre_v2 spec_store_bypass l1tf mds swapgs itlb_multihit
bogomips	: 4589.21
clflush size	: 64
cache_alignment	: 64
address sizes	: 40 bits physical, 48 bits virtual
power management:



Memory: 4k page, physical 2041020k(83720k free), swap 0k(0k free)

vm_info: OpenJDK 64-Bit Server VM (25.275-b01) for linux-amd64 JRE (1.8.0_275-8u275-b01-0ubuntu1~18.04-b01), built on Nov  9 2020 02:38:58 by "buildd" with gcc 7.5.0

time: Mon Nov 23 15:54:42 2020
timezone: UTC
elapsed time: 0.024258 seconds (0d 0h 0m 0s)

