#
# There is insufficient memory for the Java Runtime Environment to continue.
# Native memory allocation (mmap) failed to map 715849728 bytes for committing reserved memory.
# Possible reasons:
#   The system is out of physical RAM or swap space
#   The process is running with CompressedOops enabled, and the Java Heap may be blocking the growth of the native heap
# Possible solutions:
#   Reduce memory load on the system
#   Increase physical memory or swap space
#   Check if swap backing store is full
#   Decrease Java heap size (-Xmx/-Xms)
#   Decrease number of Java threads
#   Decrease Java thread stack sizes (-Xss)
#   Set larger code cache with -XX:ReservedCodeCacheSize=
# This output file may be truncated or incomplete.
#
#  Out of Memory Error (os_linux.cpp:2792), pid=21029, tid=0x00007fd5e3c37700
#
# JRE version:  (8.0_275-b01) (build )
# Java VM: OpenJDK 64-Bit Server VM (25.275-b01 mixed mode linux-amd64 compressed oops)
# Failed to write core dump. Core dumps have been disabled. To enable core dumping, try "ulimit -c unlimited" before starting Java again
#

---------------  T H R E A D  ---------------

Current thread (0x00007fd5dc00b000):  JavaThread "Unknown thread" [_thread_in_vm, id=21030, stack(0x00007fd5e3b38000,0x00007fd5e3c38000)]

Stack: [0x00007fd5e3b38000,0x00007fd5e3c38000],  sp=0x00007fd5e3c364f0,  free space=1017k
Native frames: (J=compiled Java code, j=interpreted, Vv=VM code, C=native code)
V  [libjvm.so+0xb6b032]
V  [libjvm.so+0x4f1627]
V  [libjvm.so+0x991940]
V  [libjvm.so+0x98889e]
V  [libjvm.so+0xb6721c]
V  [libjvm.so+0x6090c6]
V  [libjvm.so+0xb023ba]
V  [libjvm.so+0x60a4cd]
V  [libjvm.so+0x5f48bf]
V  [libjvm.so+0xb2d1ba]
V  [libjvm.so+0xb2d4b5]
V  [libjvm.so+0x6556df]
V  [libjvm.so+0xb0f759]
V  [libjvm.so+0x73a3ff]  JNI_CreateJavaVM+0x5f
C  [libjli.so+0x2d3f]
C  [libjli.so+0x79bd]
C  [libpthread.so.0+0x76db]  start_thread+0xdb


---------------  P R O C E S S  ---------------

Java Threads: ( => current thread )

Other Threads:

=>0x00007fd5dc00b000 (exited) JavaThread "Unknown thread" [_thread_in_vm, id=21030, stack(0x00007fd5e3b38000,0x00007fd5e3c38000)]

VM state:not at safepoint (not fully initialized)

VM Mutex/Monitor currently owned by a thread: None

heap address: 0x00000000c0000000, size: 1024 MB, Compressed Oops mode: Non-zero based:0x00000000bffff000
Narrow klass base: 0x0000000000000000, Narrow klass shift: 0

GC Heap History (0 events):
No events

Deoptimization events (0 events):
No events

Classes redefined (0 events):
No events

Internal exceptions (0 events):
No events

Events (0 events):
No events


Dynamic libraries:
c0000000-d5550000 rw-p 00000000 00:00 0 
559fbec32000-559fbec33000 r-xp 00000000 fc:01 788440                     /usr/lib/jvm/java-8-openjdk-amd64/jre/bin/java
559fbee32000-559fbee33000 r--p 00000000 fc:01 788440                     /usr/lib/jvm/java-8-openjdk-amd64/jre/bin/java
559fbee33000-559fbee34000 rw-p 00001000 fc:01 788440                     /usr/lib/jvm/java-8-openjdk-amd64/jre/bin/java
559fbf761000-559fbf782000 rw-p 00000000 00:00 0                          [heap]
7fd5ccc40000-7fd5ccc4a000 rw-p 00000000 00:00 0 
7fd5ccc4a000-7fd5cd000000 ---p 00000000 00:00 0 
7fd5cd000000-7fd5cd270000 rwxp 00000000 00:00 0 
7fd5cd270000-7fd5dc000000 ---p 00000000 00:00 0 
7fd5dc000000-7fd5dc034000 rw-p 00000000 00:00 0 
7fd5dc034000-7fd5e0000000 ---p 00000000 00:00 0 
7fd5e01ab000-7fd5e0256000 rw-p 00000000 00:00 0 
7fd5e0256000-7fd5e03ab000 ---p 00000000 00:00 0 
7fd5e03ab000-7fd5e03ac000 rw-p 00000000 00:00 0 
7fd5e03ac000-7fd5e03b4000 r-xp 00000000 fc:01 788483                     /usr/lib/jvm/java-8-openjdk-amd64/jre/lib/amd64/libzip.so
7fd5e03b4000-7fd5e05b3000 ---p 00008000 fc:01 788483                     /usr/lib/jvm/java-8-openjdk-amd64/jre/lib/amd64/libzip.so
7fd5e05b3000-7fd5e05b4000 r--p 00007000 fc:01 788483                     /usr/lib/jvm/java-8-openjdk-amd64/jre/lib/amd64/libzip.so
7fd5e05b4000-7fd5e05b5000 rw-p 00008000 fc:01 788483                     /usr/lib/jvm/java-8-openjdk-amd64/jre/lib/amd64/libzip.so
7fd5e05b5000-7fd5e05c0000 r-xp 00000000 fc:01 2199                       /lib/x86_64-linux-gnu/libnss_files-2.27.so
7fd5e05c0000-7fd5e07bf000 ---p 0000b000 fc:01 2199                       /lib/x86_64-linux-gnu/libnss_files-2.27.so
7fd5e07bf000-7fd5e07c0000 r--p 0000a000 fc:01 2199                       /lib/x86_64-linux-gnu/libnss_files-2.27.so
7fd5e07c0000-7fd5e07c1000 rw-p 0000b000 fc:01 2199                       /lib/x86_64-linux-gnu/libnss_files-2.27.so
7fd5e07c1000-7fd5e07c7000 rw-p 00000000 00:00 0 
7fd5e07c7000-7fd5e07de000 r-xp 00000000 fc:01 2166                       /lib/x86_64-linux-gnu/libnsl-2.27.so
7fd5e07de000-7fd5e09dd000 ---p 00017000 fc:01 2166                       /lib/x86_64-linux-gnu/libnsl-2.27.so
7fd5e09dd000-7fd5e09de000 r--p 00016000 fc:01 2166                       /lib/x86_64-linux-gnu/libnsl-2.27.so
7fd5e09de000-7fd5e09df000 rw-p 00017000 fc:01 2166                       /lib/x86_64-linux-gnu/libnsl-2.27.so
7fd5e09df000-7fd5e09e1000 rw-p 00000000 00:00 0 
7fd5e09e1000-7fd5e09ec000 r-xp 00000000 fc:01 2213                       /lib/x86_64-linux-gnu/libnss_nis-2.27.so
7fd5e09ec000-7fd5e0beb000 ---p 0000b000 fc:01 2213                       /lib/x86_64-linux-gnu/libnss_nis-2.27.so
7fd5e0beb000-7fd5e0bec000 r--p 0000a000 fc:01 2213                       /lib/x86_64-linux-gnu/libnss_nis-2.27.so
7fd5e0bec000-7fd5e0bed000 rw-p 0000b000 fc:01 2213                       /lib/x86_64-linux-gnu/libnss_nis-2.27.so
7fd5e0bed000-7fd5e0bf5000 r-xp 00000000 fc:01 2177                       /lib/x86_64-linux-gnu/libnss_compat-2.27.so
7fd5e0bf5000-7fd5e0df5000 ---p 00008000 fc:01 2177                       /lib/x86_64-linux-gnu/libnss_compat-2.27.so
7fd5e0df5000-7fd5e0df6000 r--p 00008000 fc:01 2177                       /lib/x86_64-linux-gnu/libnss_compat-2.27.so
7fd5e0df6000-7fd5e0df7000 rw-p 00009000 fc:01 2177                       /lib/x86_64-linux-gnu/libnss_compat-2.27.so
7fd5e0df7000-7fd5e0e21000 r-xp 00000000 fc:01 788464                     /usr/lib/jvm/java-8-openjdk-amd64/jre/lib/amd64/libjava.so
7fd5e0e21000-7fd5e1021000 ---p 0002a000 fc:01 788464                     /usr/lib/jvm/java-8-openjdk-amd64/jre/lib/amd64/libjava.so
7fd5e1021000-7fd5e1022000 r--p 0002a000 fc:01 788464                     /usr/lib/jvm/java-8-openjdk-amd64/jre/lib/amd64/libjava.so
7fd5e1022000-7fd5e1024000 rw-p 0002b000 fc:01 788464                     /usr/lib/jvm/java-8-openjdk-amd64/jre/lib/amd64/libjava.so
7fd5e1024000-7fd5e1034000 r-xp 00000000 fc:01 788482                     /usr/lib/jvm/java-8-openjdk-amd64/jre/lib/amd64/libverify.so
7fd5e1034000-7fd5e1233000 ---p 00010000 fc:01 788482                     /usr/lib/jvm/java-8-openjdk-amd64/jre/lib/amd64/libverify.so
7fd5e1233000-7fd5e1235000 r--p 0000f000 fc:01 788482                     /usr/lib/jvm/java-8-openjdk-amd64/jre/lib/amd64/libverify.so
7fd5e1235000-7fd5e1236000 rw-p 00011000 fc:01 788482                     /usr/lib/jvm/java-8-openjdk-amd64/jre/lib/amd64/libverify.so
7fd5e1236000-7fd5e123d000 r-xp 00000000 fc:01 2218                       /lib/x86_64-linux-gnu/librt-2.27.so
7fd5e123d000-7fd5e143c000 ---p 00007000 fc:01 2218                       /lib/x86_64-linux-gnu/librt-2.27.so
7fd5e143c000-7fd5e143d000 r--p 00006000 fc:01 2218                       /lib/x86_64-linux-gnu/librt-2.27.so
7fd5e143d000-7fd5e143e000 rw-p 00007000 fc:01 2218                       /lib/x86_64-linux-gnu/librt-2.27.so
7fd5e143e000-7fd5e1455000 r-xp 00000000 fc:01 2052                       /lib/x86_64-linux-gnu/libgcc_s.so.1
7fd5e1455000-7fd5e1654000 ---p 00017000 fc:01 2052                       /lib/x86_64-linux-gnu/libgcc_s.so.1
7fd5e1654000-7fd5e1655000 r--p 00016000 fc:01 2052                       /lib/x86_64-linux-gnu/libgcc_s.so.1
7fd5e1655000-7fd5e1656000 rw-p 00017000 fc:01 2052                       /lib/x86_64-linux-gnu/libgcc_s.so.1
7fd5e1656000-7fd5e17f3000 r-xp 00000000 fc:01 2149                       /lib/x86_64-linux-gnu/libm-2.27.so
7fd5e17f3000-7fd5e19f2000 ---p 0019d000 fc:01 2149                       /lib/x86_64-linux-gnu/libm-2.27.so
7fd5e19f2000-7fd5e19f3000 r--p 0019c000 fc:01 2149                       /lib/x86_64-linux-gnu/libm-2.27.so
7fd5e19f3000-7fd5e19f4000 rw-p 0019d000 fc:01 2149                       /lib/x86_64-linux-gnu/libm-2.27.so
7fd5e19f4000-7fd5e1b6d000 r-xp 00000000 fc:01 4752                       /usr/lib/x86_64-linux-gnu/libstdc++.so.6.0.25
7fd5e1b6d000-7fd5e1d6d000 ---p 00179000 fc:01 4752                       /usr/lib/x86_64-linux-gnu/libstdc++.so.6.0.25
7fd5e1d6d000-7fd5e1d77000 r--p 00179000 fc:01 4752                       /usr/lib/x86_64-linux-gnu/libstdc++.so.6.0.25
7fd5e1d77000-7fd5e1d79000 rw-p 00183000 fc:01 4752                       /usr/lib/x86_64-linux-gnu/libstdc++.so.6.0.25
7fd5e1d79000-7fd5e1d7d000 rw-p 00000000 00:00 0 
7fd5e1d7d000-7fd5e2aeb000 r-xp 00000000 fc:01 788485                     /usr/lib/jvm/java-8-openjdk-amd64/jre/lib/amd64/server/libjvm.so
7fd5e2aeb000-7fd5e2cea000 ---p 00d6e000 fc:01 788485                     /usr/lib/jvm/java-8-openjdk-amd64/jre/lib/amd64/server/libjvm.so
7fd5e2cea000-7fd5e2d80000 r--p 00d6d000 fc:01 788485                     /usr/lib/jvm/java-8-openjdk-amd64/jre/lib/amd64/server/libjvm.so
7fd5e2d80000-7fd5e2da9000 rw-p 00e03000 fc:01 788485                     /usr/lib/jvm/java-8-openjdk-amd64/jre/lib/amd64/server/libjvm.so
7fd5e2da9000-7fd5e2ddc000 rw-p 00000000 00:00 0 
7fd5e2ddc000-7fd5e2df6000 r-xp 00000000 fc:01 2216                       /lib/x86_64-linux-gnu/libpthread-2.27.so
7fd5e2df6000-7fd5e2ff5000 ---p 0001a000 fc:01 2216                       /lib/x86_64-linux-gnu/libpthread-2.27.so
7fd5e2ff5000-7fd5e2ff6000 r--p 00019000 fc:01 2216                       /lib/x86_64-linux-gnu/libpthread-2.27.so
7fd5e2ff6000-7fd5e2ff7000 rw-p 0001a000 fc:01 2216                       /lib/x86_64-linux-gnu/libpthread-2.27.so
7fd5e2ff7000-7fd5e2ffb000 rw-p 00000000 00:00 0 
7fd5e2ffb000-7fd5e2ffe000 r-xp 00000000 fc:01 2148                       /lib/x86_64-linux-gnu/libdl-2.27.so
7fd5e2ffe000-7fd5e31fd000 ---p 00003000 fc:01 2148                       /lib/x86_64-linux-gnu/libdl-2.27.so
7fd5e31fd000-7fd5e31fe000 r--p 00002000 fc:01 2148                       /lib/x86_64-linux-gnu/libdl-2.27.so
7fd5e31fe000-7fd5e31ff000 rw-p 00003000 fc:01 2148                       /lib/x86_64-linux-gnu/libdl-2.27.so
7fd5e31ff000-7fd5e321b000 r-xp 00000000 fc:01 2162                       /lib/x86_64-linux-gnu/libz.so.1.2.11
7fd5e321b000-7fd5e341a000 ---p 0001c000 fc:01 2162                       /lib/x86_64-linux-gnu/libz.so.1.2.11
7fd5e341a000-7fd5e341b000 r--p 0001b000 fc:01 2162                       /lib/x86_64-linux-gnu/libz.so.1.2.11
7fd5e341b000-7fd5e341c000 rw-p 0001c000 fc:01 2162                       /lib/x86_64-linux-gnu/libz.so.1.2.11
7fd5e341c000-7fd5e3603000 r-xp 00000000 fc:01 2070                       /lib/x86_64-linux-gnu/libc-2.27.so
7fd5e3603000-7fd5e3803000 ---p 001e7000 fc:01 2070                       /lib/x86_64-linux-gnu/libc-2.27.so
7fd5e3803000-7fd5e3807000 r--p 001e7000 fc:01 2070                       /lib/x86_64-linux-gnu/libc-2.27.so
7fd5e3807000-7fd5e3809000 rw-p 001eb000 fc:01 2070                       /lib/x86_64-linux-gnu/libc-2.27.so
7fd5e3809000-7fd5e380d000 rw-p 00000000 00:00 0 
7fd5e380d000-7fd5e381b000 r-xp 00000000 fc:01 788450                     /usr/lib/jvm/java-8-openjdk-amd64/jre/lib/amd64/jli/libjli.so
7fd5e381b000-7fd5e3a1a000 ---p 0000e000 fc:01 788450                     /usr/lib/jvm/java-8-openjdk-amd64/jre/lib/amd64/jli/libjli.so
7fd5e3a1a000-7fd5e3a1b000 r--p 0000d000 fc:01 788450                     /usr/lib/jvm/java-8-openjdk-amd64/jre/lib/amd64/jli/libjli.so
7fd5e3a1b000-7fd5e3a1c000 rw-p 0000e000 fc:01 788450                     /usr/lib/jvm/java-8-openjdk-amd64/jre/lib/amd64/jli/libjli.so
7fd5e3a1c000-7fd5e3a43000 r-xp 00000000 fc:01 2066                       /lib/x86_64-linux-gnu/ld-2.27.so
7fd5e3b2f000-7fd5e3b37000 rw-s 00000000 fc:01 776315                     /tmp/hsperfdata_wimbl/21029
7fd5e3b37000-7fd5e3b38000 ---p 00000000 00:00 0 
7fd5e3b38000-7fd5e3b3b000 ---p 00000000 00:00 0 
7fd5e3b3b000-7fd5e3c3a000 rw-p 00000000 00:00 0 
7fd5e3c3f000-7fd5e3c40000 rw-p 00000000 00:00 0 
7fd5e3c40000-7fd5e3c41000 r--p 00000000 00:00 0 
7fd5e3c41000-7fd5e3c43000 rw-p 00000000 00:00 0 
7fd5e3c43000-7fd5e3c44000 r--p 00027000 fc:01 2066                       /lib/x86_64-linux-gnu/ld-2.27.so
7fd5e3c44000-7fd5e3c45000 rw-p 00028000 fc:01 2066                       /lib/x86_64-linux-gnu/ld-2.27.so
7fd5e3c45000-7fd5e3c46000 rw-p 00000000 00:00 0 
7ffee860c000-7ffee862d000 rw-p 00000000 00:00 0                          [stack]
7ffee879b000-7ffee879e000 r--p 00000000 00:00 0                          [vvar]
7ffee879e000-7ffee87a0000 r-xp 00000000 00:00 0                          [vdso]
ffffffffff600000-ffffffffff601000 r-xp 00000000 00:00 0                  [vsyscall]

VM Arguments:
jvm_args: -Xmx1024M -Xms1024M 
java_command: minecraft_server.1.16.4.jar nogui
java_class_path (initial): minecraft_server.1.16.4.jar
Launcher Type: SUN_STANDARD

Environment Variables:
PATH=/usr/local/sbin:/usr/local/bin:/usr/sbin:/usr/bin:/sbin:/bin:/usr/games:/usr/local/games:/snap/bin
SHELL=/bin/bash

Signal Handlers:
SIGSEGV: [libjvm.so+0xb6c690], sa_mask[0]=11111111011111111101111111111110, sa_flags=SA_RESTART|SA_SIGINFO
SIGBUS: [libjvm.so+0xb6c690], sa_mask[0]=11111111011111111101111111111110, sa_flags=SA_RESTART|SA_SIGINFO
SIGFPE: [libjvm.so+0x98c990], sa_mask[0]=11111111011111111101111111111110, sa_flags=SA_RESTART|SA_SIGINFO
SIGPIPE: [libjvm.so+0x98c990], sa_mask[0]=11111111011111111101111111111110, sa_flags=SA_RESTART|SA_SIGINFO
SIGXFSZ: [libjvm.so+0x98c990], sa_mask[0]=11111111011111111101111111111110, sa_flags=SA_RESTART|SA_SIGINFO
SIGILL: [libjvm.so+0x98c990], sa_mask[0]=11111111011111111101111111111110, sa_flags=SA_RESTART|SA_SIGINFO
SIGUSR1: SIG_DFL, sa_mask[0]=00000000000000000000000000000000, sa_flags=none
SIGUSR2: [libjvm.so+0x98c840], sa_mask[0]=00000000000000000000000000000000, sa_flags=SA_RESTART|SA_SIGINFO
SIGHUP: SIG_DFL, sa_mask[0]=00000000000000000000000000000000, sa_flags=none
SIGINT: SIG_DFL, sa_mask[0]=00000000000000000000000000000000, sa_flags=none
SIGTERM: SIG_DFL, sa_mask[0]=00000000000000000000000000000000, sa_flags=none
SIGQUIT: SIG_DFL, sa_mask[0]=00000000000000000000000000000000, sa_flags=none


---------------  S Y S T E M  ---------------

OS:DISTRIB_ID=Ubuntu
DISTRIB_RELEASE=18.04
DISTRIB_CODENAME=bionic
DISTRIB_DESCRIPTION="Ubuntu 18.04.5 LTS"

uname:Linux 4.15.0-122-generic #124-Ubuntu SMP Thu Oct 15 13:03:05 UTC 2020 x86_64
libc:glibc 2.27 NPTL 2.27 
rlimit: STACK 8192k, CORE 0k, NPROC 7870, NOFILE 1048576, AS infinity
load average:0.48 0.61 0.38

/proc/meminfo:
MemTotal:        2041020 kB
MemFree:           83752 kB
MemAvailable:     289328 kB
Buffers:           71208 kB
Cached:           262204 kB
SwapCached:            0 kB
Active:          1702748 kB
Inactive:         146216 kB
Active(anon):    1522064 kB
Inactive(anon):     7872 kB
Active(file):     180684 kB
Inactive(file):   138344 kB
Unevictable:           0 kB
Mlocked:               0 kB
SwapTotal:             0 kB
SwapFree:              0 kB
Dirty:               280 kB
Writeback:             0 kB
AnonPages:       1515660 kB
Mapped:           104728 kB
Shmem:             14320 kB
Slab:              69720 kB
SReclaimable:      36388 kB
SUnreclaim:        33332 kB
KernelStack:        2712 kB
PageTables:        11688 kB
NFS_Unstable:          0 kB
Bounce:                0 kB
WritebackTmp:          0 kB
CommitLimit:     1020508 kB
Committed_AS:    2359220 kB
VmallocTotal:   34359738367 kB
VmallocUsed:           0 kB
VmallocChunk:          0 kB
HardwareCorrupted:     0 kB
AnonHugePages:         0 kB
ShmemHugePages:        0 kB
ShmemPmdMapped:        0 kB
CmaTotal:              0 kB
CmaFree:               0 kB
HugePages_Total:       0
HugePages_Free:        0
HugePages_Rsvd:        0
HugePages_Surp:        0
Hugepagesize:       2048 kB
DirectMap4k:      143340 kB
DirectMap2M:     1953792 kB
DirectMap1G:           0 kB

container (cgroup) information:
container_type: cgroupv1
cpu_cpuset_cpus: 0
cpu_memory_nodes: 0
active_processor_count: 1
cpu_quota: -1
cpu_period: 100000
cpu_shares: -1
memory_limit_in_bytes: -1
memory_and_swap_limit_in_bytes: -2
memory_soft_limit_in_bytes: -1
memory_usage_in_bytes: 1503973376
memory_max_usage_in_bytes: 1579180032


CPU:total 1 (initial active 1) (1 cores per cpu, 1 threads per core) family 6 model 85 stepping 4, cmov, cx8, fxsr, mmx, sse, sse2, sse3, ssse3, sse4.1, sse4.2, popcnt, avx, avx2, aes, clmul, erms, 3dnowpref, lzcnt, tsc, bmi1, bmi2, adx

/proc/cpuinfo:
processor	: 0
vendor_id	: GenuineIntel
cpu family	: 6
model		: 85
model name	: Intel(R) Xeon(R) Gold 6140 CPU @ 2.30GHz
stepping	: 4
microcode	: 0x1
cpu MHz		: 2294.608
cache size	: 4096 KB
physical id	: 0
siblings	: 1
core id		: 0
cpu cores	: 1
apicid		: 0
initial apicid	: 0
fpu		: yes
fpu_exception	: yes
cpuid level	: 13
wp		: yes
flags		: fpu vme de pse tsc msr pae mce cx8 apic sep mtrr pge mca cmov pat pse36 clflush mmx fxsr sse sse2 ss syscall nx pdpe1gb rdtscp lm constant_tsc arch_perfmon rep_good nopl cpuid tsc_known_freq pni pclmulqdq vmx ssse3 fma cx16 pcid sse4_1 sse4_2 x2apic movbe popcnt tsc_deadline_timer aes xsave avx f16c rdrand hypervisor lahf_lm abm 3dnowprefetch cpuid_fault invpcid_single pti ssbd ibrs ibpb tpr_shadow vnmi flexpriority ept vpid fsgsbase tsc_adjust bmi1 avx2 smep bmi2 erms invpcid mpx avx512f avx512dq rdseed adx smap clflushopt clwb avx512cd avx512bw avx512vl xsaveopt xsavec xgetbv1 pku ospke md_clear
bugs		: cpu_meltdown spectre_v1 spectre_v2 spec_store_bypass l1tf mds swapgs itlb_multihit
bogomips	: 4589.21
clflush size	: 64
cache_alignment	: 64
address sizes	: 40 bits physical, 48 bits virtual
power management:



Memory: 4k page, physical 2041020k(83752k free), swap 0k(0k free)

vm_info: OpenJDK 64-Bit Server VM (25.275-b01) for linux-amd64 JRE (1.8.0_275-8u275-b01-0ubuntu1~18.04-b01), built on Nov  9 2020 02:38:58 by "buildd" with gcc 7.5.0

time: Mon Nov 23 15:54:51 2020
timezone: UTC
elapsed time: 0.006297 seconds (0d 0h 0m 0s)

